c:\users\davi\source\ge_dx11_project\ge_lecture3\x64\debug\vc143.pdb
c:\users\davi\source\ge_dx11_project\ge_lecture3\x64\debug\vc143.idb
c:\users\davi\source\ge_dx11_project\ge_lecture3\x64\debug\window.obj
c:\users\davi\source\ge_dx11_project\ge_lecture3\x64\debug\player.obj
c:\users\davi\source\ge_dx11_project\ge_lecture3\x64\debug\game.obj
c:\users\davi\source\ge_dx11_project\ge_lecture3\x64\debug\enemy.obj
c:\users\davi\source\ge_dx11_project\ge_lecture3\x64\debug\nvopt.obj
c:\users\davi\source\ge_dx11_project\x64\debug\ge_dx11_project.exe
c:\users\davi\source\ge_dx11_project\x64\debug\ge_dx11_project.pdb
c:\users\davi\source\ge_dx11_project\ge_lecture3\x64\debug\ge_dx11_project.res
c:\users\davi\source\ge_dx11_project\x64\debug\ge_dx11_project.lib
c:\users\davi\source\ge_dx11_project\x64\debug\ge_dx11_project.exp
c:\users\davi\source\ge_dx11_project\ge_lecture3\x64\debug\ge_dx11_project.ilk
c:\users\davi\source\ge_dx11_project\ge_lecture3\x64\debug\ge_dx11_project.tlog\cl.command.1.tlog
c:\users\davi\source\ge_dx11_project\ge_lecture3\x64\debug\ge_dx11_project.tlog\cl.items.tlog
c:\users\davi\source\ge_dx11_project\ge_lecture3\x64\debug\ge_dx11_project.tlog\cl.read.1.tlog
c:\users\davi\source\ge_dx11_project\ge_lecture3\x64\debug\ge_dx11_project.tlog\cl.write.1.tlog
c:\users\davi\source\ge_dx11_project\ge_lecture3\x64\debug\ge_dx11_project.tlog\link.command.1.tlog
c:\users\davi\source\ge_dx11_project\ge_lecture3\x64\debug\ge_dx11_project.tlog\link.read.1.tlog
c:\users\davi\source\ge_dx11_project\ge_lecture3\x64\debug\ge_dx11_project.tlog\link.secondary.1.tlog
c:\users\davi\source\ge_dx11_project\ge_lecture3\x64\debug\ge_dx11_project.tlog\link.write.1.tlog
c:\users\davi\source\ge_dx11_project\ge_lecture3\x64\debug\ge_dx11_project.tlog\rc.command.1.tlog
c:\users\davi\source\ge_dx11_project\ge_lecture3\x64\debug\ge_dx11_project.tlog\rc.read.1.tlog
c:\users\davi\source\ge_dx11_project\ge_lecture3\x64\debug\ge_dx11_project.tlog\rc.write.1.tlog
