C:\Program Files\Microsoft Visual Studio\2022\Community\MSBuild\Microsoft\VC\v170\Microsoft.CppBuild.targets(531,5): warning MSB8028: The intermediate directory (x64\Debug\) contains files shared from another project (GE_Lecture3.vcxproj).  This can lead to incorrect clean and rebuild behavior.
  game.cpp
C:\Users\Davi\source\GE_DX11_Project\GE_Lecture3\GraphicMath.h(5,9): warning C4005: 'max': macro redefinition
  (compiling source file 'game.cpp')
      C:\Program Files (x86)\Windows Kits\10\Include\10.0.22621.0\shared\minwindef.h(193,9):
      see previous definition of 'max'
  
C:\Users\Davi\source\GE_DX11_Project\GE_Lecture3\GraphicMath.h(6,9): warning C4005: 'min': macro redefinition
  (compiling source file 'game.cpp')
      C:\Program Files (x86)\Windows Kits\10\Include\10.0.22621.0\shared\minwindef.h(197,9):
      see previous definition of 'min'
  
C:\Users\Davi\source\GE_DX11_Project\GE_Lecture3\GraphicMath.h(618,18): warning C4244: '=': conversion from 'int' to 'float', possible loss of data
  (compiling source file 'game.cpp')
  
C:\Users\Davi\source\GE_DX11_Project\GE_Lecture3\GraphicMath.h(624,18): warning C4244: '=': conversion from 'int' to 'float', possible loss of data
  (compiling source file 'game.cpp')
  
C:\Users\Davi\source\GE_DX11_Project\GE_Lecture3\GraphicMath.h(676,13): warning C4244: '=': conversion from 'double' to 'float', possible loss of data
  (compiling source file 'game.cpp')
  
C:\Users\Davi\source\GE_DX11_Project\GE_Lecture3\GraphicMath.h(736,33): warning C4244: '=': conversion from 'unsigned int' to 'float', possible loss of data
  (compiling source file 'game.cpp')
  
C:\Users\Davi\source\GE_DX11_Project\GE_Lecture3\GraphicMath.h(737,33): warning C4244: '=': conversion from 'unsigned int' to 'float', possible loss of data
  (compiling source file 'game.cpp')
  
C:\Users\Davi\source\GE_DX11_Project\GE_Lecture3\GraphicMath.h(739,34): warning C4244: '=': conversion from 'unsigned int' to 'float', possible loss of data
  (compiling source file 'game.cpp')
  
C:\Users\Davi\source\GE_DX11_Project\GE_Lecture3\adapter.h(38,34): warning C4018: '>': signed/unsigned mismatch
  (compiling source file 'game.cpp')
  
C:\Users\Davi\source\GE_DX11_Project\GE_Lecture3\ShaderReflection.h(47,26): warning C4101: 'data': unreferenced local variable
  (compiling source file 'game.cpp')
  
C:\Users\Davi\source\GE_DX11_Project\GE_Lecture3\ShaderReflection.h(101,21): warning C4018: '<': signed/unsigned mismatch
  (compiling source file 'game.cpp')
  
C:\Users\Davi\source\GE_DX11_Project\GE_Lecture3\ShaderReflection.h(109,22): warning C4018: '<': signed/unsigned mismatch
  (compiling source file 'game.cpp')
  
C:\Users\Davi\source\GE_DX11_Project\GE_Lecture3\ShaderReflection.h(125,21): warning C4018: '<': signed/unsigned mismatch
  (compiling source file 'game.cpp')
  
C:\Users\Davi\source\GE_DX11_Project\GE_Lecture3\mesh.h(65,87): warning C4267: 'argument': conversion from 'size_t' to 'int', possible loss of data
  (compiling source file 'game.cpp')
  
C:\Users\Davi\source\GE_DX11_Project\GE_Lecture3\mesh.h(65,58): warning C4267: 'argument': conversion from 'size_t' to 'int', possible loss of data
  (compiling source file 'game.cpp')
  
C:\Users\Davi\source\GE_DX11_Project\GE_Lecture3\mesh.h(70,89): warning C4267: 'argument': conversion from 'size_t' to 'int', possible loss of data
  (compiling source file 'game.cpp')
  
C:\Users\Davi\source\GE_DX11_Project\GE_Lecture3\mesh.h(70,60): warning C4267: 'argument': conversion from 'size_t' to 'int', possible loss of data
  (compiling source file 'game.cpp')
  
C:\Users\Davi\source\GE_DX11_Project\GE_Lecture3\mesh.h(341,16): warning C4244: 'initializing': conversion from 'double' to 'float', possible loss of data
  (compiling source file 'game.cpp')
  
C:\Users\Davi\source\GE_DX11_Project\GE_Lecture3\mesh.h(345,15): warning C4244: 'initializing': conversion from 'double' to 'float', possible loss of data
  (compiling source file 'game.cpp')
  
C:\Users\Davi\source\GE_DX11_Project\GE_Lecture3\mesh.h(383,16): warning C4244: 'initializing': conversion from 'double' to 'float', possible loss of data
  (compiling source file 'game.cpp')
  
C:\Users\Davi\source\GE_DX11_Project\GE_Lecture3\mesh.h(387,15): warning C4244: 'initializing': conversion from 'double' to 'float', possible loss of data
  (compiling source file 'game.cpp')
  
C:\Users\Davi\source\GE_DX11_Project\GE_Lecture3\mesh.h(447,16): warning C4244: 'initializing': conversion from 'double' to 'float', possible loss of data
  (compiling source file 'game.cpp')
  
C:\Users\Davi\source\GE_DX11_Project\GE_Lecture3\mesh.h(452,15): warning C4244: 'initializing': conversion from 'double' to 'float', possible loss of data
  (compiling source file 'game.cpp')
  
C:\Users\Davi\source\GE_DX11_Project\GE_Lecture3\anime.h(53,11): warning C4267: '=': conversion from 'size_t' to 'int', possible loss of data
  (compiling source file 'game.cpp')
  
C:\Users\Davi\source\GE_DX11_Project\GE_Lecture3\anime.h(59,10): warning C4267: 'return': conversion from 'size_t' to 'int', possible loss of data
  (compiling source file 'game.cpp')
  
C:\Users\Davi\source\GE_DX11_Project\GE_Lecture3\anime.h(89,16): warning C4267: 'initializing': conversion from 'size_t' to 'int', possible loss of data
  (compiling source file 'game.cpp')
  
C:\Users\Davi\source\GE_DX11_Project\GE_Lecture3\Character.h(105,13): warning C4244: '=': conversion from 'float' to 'int', possible loss of data
  (compiling source file 'game.cpp')
  
C:\Users\Davi\source\GE_DX11_Project\GE_Lecture3\Character.h(214,44): warning C4305: 'argument': truncation from 'double' to 'float'
  (compiling source file 'game.cpp')
  
C:\Users\Davi\source\GE_DX11_Project\GE_Lecture3\Character.h(214,38): warning C4305: 'argument': truncation from 'double' to 'float'
  (compiling source file 'game.cpp')
  
C:\Users\Davi\source\GE_DX11_Project\GE_Lecture3\Character.h(214,32): warning C4305: 'argument': truncation from 'double' to 'float'
  (compiling source file 'game.cpp')
  
C:\Users\Davi\source\GE_DX11_Project\GE_Lecture3\Character.h(349,42): warning C4305: 'argument': truncation from 'double' to 'float'
  (compiling source file 'game.cpp')
  
C:\Users\Davi\source\GE_DX11_Project\GE_Lecture3\Character.h(349,37): warning C4305: 'argument': truncation from 'double' to 'float'
  (compiling source file 'game.cpp')
  
C:\Users\Davi\source\GE_DX11_Project\GE_Lecture3\Character.h(349,32): warning C4305: 'argument': truncation from 'double' to 'float'
  (compiling source file 'game.cpp')
  
C:\Users\Davi\source\GE_DX11_Project\GE_Lecture3\game.cpp(67,44): warning C4305: 'argument': truncation from 'double' to 'float'
C:\Users\Davi\source\GE_DX11_Project\GE_Lecture3\game.cpp(67,38): warning C4305: 'argument': truncation from 'double' to 'float'
C:\Users\Davi\source\GE_DX11_Project\GE_Lecture3\game.cpp(67,32): warning C4305: 'argument': truncation from 'double' to 'float'
C:\Users\Davi\source\GE_DX11_Project\GE_Lecture3\game.cpp(181,60): warning C4305: 'argument': truncation from 'double' to 'float'
C:\Users\Davi\source\GE_DX11_Project\GE_Lecture3\game.cpp(446,42): warning C4305: 'argument': truncation from 'double' to 'float'
C:\Users\Davi\source\GE_DX11_Project\GE_Lecture3\game.cpp(446,37): warning C4305: 'argument': truncation from 'double' to 'float'
C:\Users\Davi\source\GE_DX11_Project\GE_Lecture3\game.cpp(446,32): warning C4305: 'argument': truncation from 'double' to 'float'
C:\Users\Davi\source\GE_DX11_Project\GE_Lecture3\game.cpp(455,44): warning C4305: 'argument': truncation from 'double' to 'float'
C:\Users\Davi\source\GE_DX11_Project\GE_Lecture3\game.cpp(455,38): warning C4305: 'argument': truncation from 'double' to 'float'
C:\Users\Davi\source\GE_DX11_Project\GE_Lecture3\game.cpp(455,32): warning C4305: 'argument': truncation from 'double' to 'float'
C:\Users\Davi\source\GE_DX11_Project\GE_Lecture3\game.cpp(465,43): warning C4305: 'argument': truncation from 'double' to 'float'
C:\Users\Davi\source\GE_DX11_Project\GE_Lecture3\game.cpp(465,38): warning C4305: 'argument': truncation from 'double' to 'float'
C:\Users\Davi\source\GE_DX11_Project\GE_Lecture3\game.cpp(465,33): warning C4305: 'argument': truncation from 'double' to 'float'
C:\Users\Davi\source\GE_DX11_Project\GE_Lecture3\game.cpp(465,69): warning C4305: 'argument': truncation from 'double' to 'float'
C:\Users\Davi\source\GE_DX11_Project\GE_Lecture3\game.cpp(465,58): warning C4305: 'argument': truncation from 'double' to 'float'
  GE_Lecture3.vcxproj -> C:\Users\Davi\source\GE_DX11_Project\x64\Debug\GE_DX11_project.exe
